[debug] [2025-05-31T00:09:20.478Z] ----------------------------------------------------------------------
[debug] [2025-05-31T00:09:20.485Z] Command:       C:\Program Files\nodejs\node.exe C:\Users\chris\AppData\Roaming\npm\node_modules\firebase-tools\lib\bin\firebase.js init
[debug] [2025-05-31T00:09:20.486Z] CLI Version:   14.5.1
[debug] [2025-05-31T00:09:20.487Z] Platform:      win32
[debug] [2025-05-31T00:09:20.487Z] Node Version:  v22.14.0
[debug] [2025-05-31T00:09:20.488Z] Time:          Fri May 30 2025 21:09:20 GMT-0300 (Horário Padrão de Brasília)
[debug] [2025-05-31T00:09:20.489Z] ----------------------------------------------------------------------
[debug] 
[debug] [2025-05-31T00:09:20.504Z] > command requires scopes: ["email","openid","https://www.googleapis.com/auth/cloudplatformprojects.readonly","https://www.googleapis.com/auth/firebase","https://www.googleapis.com/auth/cloud-platform"]
[debug] [2025-05-31T00:09:20.505Z] > authorizing via signed-in user (chriss.gatinho@gmail.com)
[info] 
     ######## #### ########  ######## ########     ###     ######  ########
     ##        ##  ##     ## ##       ##     ##  ##   ##  ##       ##
     ######    ##  ########  ######   ########  #########  ######  ######
     ##        ##  ##    ##  ##       ##     ## ##     ##       ## ##
     ##       #### ##     ## ######## ########  ##     ##  ######  ########

You're about to initialize a Firebase project in this directory:

  C:\Users\chris\OneDrive\Área de Trabalho\frontend-mania

[info] 
=== Project Setup
[info] 
[info] First, let's associate this project directory with a Firebase project.
[info] You can create multiple project aliases by running firebase use --add, 
[info] but for now we'll just set up a default project.
[info] 
[debug] [2025-05-31T00:09:33.361Z] Checked if tokens are valid: true, expires at: 1748652939737
[debug] [2025-05-31T00:09:33.362Z] Checked if tokens are valid: true, expires at: 1748652939737
[debug] [2025-05-31T00:09:33.364Z] >>> [apiv2][query] GET https://firebase.googleapis.com/v1beta1/projects pageSize=100
[debug] [2025-05-31T00:09:34.196Z] <<< [apiv2][status] GET https://firebase.googleapis.com/v1beta1/projects 200
[debug] [2025-05-31T00:09:34.196Z] <<< [apiv2][body] GET https://firebase.googleapis.com/v1beta1/projects [omitted]
[info] i  Using project maniadesonhoo (Mania de sonho) 
[info] 
=== Hosting Setup
[debug] [2025-05-31T00:09:36.240Z] Checked if tokens are valid: true, expires at: 1748652939737
[debug] [2025-05-31T00:09:36.241Z] Checked if tokens are valid: true, expires at: 1748652939737
[debug] [2025-05-31T00:09:36.241Z] >>> [apiv2][query] GET https://firebase.googleapis.com/v1beta1/projects/maniadesonhoo [none]
[debug] [2025-05-31T00:09:36.619Z] <<< [apiv2][status] GET https://firebase.googleapis.com/v1beta1/projects/maniadesonhoo 200
[debug] [2025-05-31T00:09:36.620Z] <<< [apiv2][body] GET https://firebase.googleapis.com/v1beta1/projects/maniadesonhoo {"projectId":"maniadesonhoo","projectNumber":"121444788743","displayName":"Mania de sonho","name":"projects/maniadesonhoo","resources":{"hostingSite":"maniadesonhoo"},"state":"ACTIVE","etag":"1_53477783-e740-4ceb-bc3e-907d586fe0a0"}
[info] 
[info] Your public directory is the folder (relative to your project directory) that
[info] will contain Hosting assets to be uploaded with firebase deploy. If you
[info] have a build process for your assets, use your build's output directory.
[info] 
[info] +  Wrote public/404.html 
[debug] [2025-05-31T00:10:45.175Z] >>> [apiv2][query] GET https://www.gstatic.com/firebasejs/releases.json [none]
[debug] [2025-05-31T00:10:45.447Z] <<< [apiv2][status] GET https://www.gstatic.com/firebasejs/releases.json 200
[debug] [2025-05-31T00:10:45.447Z] <<< [apiv2][body] GET https://www.gstatic.com/firebasejs/releases.json {"current":{"version":"11.8.1","browserURL":"https://www.gstatic.com/firebasejs/11.8.1/firebase.js","packageURL":"https://www.gstatic.com/firebasejs/11.8.1/firebase.tgz"},"live":{"version":"11.8","browserURL":"https://www.gstatic.com/firebasejs/live/11.8/firebase.js","packageURL":"https://www.gstatic.com/firebasejs/live/11.8/firebase.tgz"},"components":{"ai":"https://www.gstatic.com/firebasejs/11.8.1/firebase-ai.js","analytics":"https://www.gstatic.com/firebasejs/11.8.1/firebase-analytics.js","app":"https://www.gstatic.com/firebasejs/11.8.1/firebase-app.js","app-check":"https://www.gstatic.com/firebasejs/11.8.1/firebase-app-check.js","auth":"https://www.gstatic.com/firebasejs/11.8.1/firebase-auth.js","auth/cordova":"https://www.gstatic.com/firebasejs/11.8.1/firebase-auth/cordova.js","auth/web-extension":"https://www.gstatic.com/firebasejs/11.8.1/firebase-auth/web-extension.js","functions":"https://www.gstatic.com/firebasejs/11.8.1/firebase-functions.js","firestore":"https://www.gstatic.com/firebasejs/11.8.1/firebase-firestore.js","firestore/lite":"https://www.gstatic.com/firebasejs/11.8.1/firebase-firestore/lite.js","installations":"https://www.gstatic.com/firebasejs/11.8.1/firebase-installations.js","storage":"https://www.gstatic.com/firebasejs/11.8.1/firebase-storage.js","performance":"https://www.gstatic.com/firebasejs/11.8.1/firebase-performance.js","remote-config":"https://www.gstatic.com/firebasejs/11.8.1/firebase-remote-config.js","messaging":"https://www.gstatic.com/firebasejs/11.8.1/firebase-messaging.js","messaging/sw":"https://www.gstatic.com/firebasejs/11.8.1/firebase-messaging/sw.js","database":"https://www.gstatic.com/firebasejs/11.8.1/firebase-database.js","vertexai":"https://www.gstatic.com/firebasejs/11.8.1/firebase-vertexai.js","data-connect":"https://www.gstatic.com/firebasejs/11.8.1/firebase-data-connect.js","firestore.memory":"https://www.gstatic.com/firebasejs/11.8.1/firebase-firestore.memory.js"}}
